#
# There is insufficient memory for the Java Runtime Environment to continue.
# Native memory allocation (malloc) failed to allocate 1048576 bytes for AllocateHeap
# Possible reasons:
#   The system is out of physical RAM or swap space
#   In 32 bit mode, the process size limit was hit
# Possible solutions:
#   Reduce memory load on the system
#   Increase physical memory or swap space
#   Check if swap backing store is full
#   Use 64 bit Java on a 64 bit OS
#   Decrease Java heap size (-Xmx/-Xms)
#   Decrease number of Java threads
#   Decrease Java thread stack sizes (-Xss)
#   Set larger code cache with -XX:ReservedCodeCacheSize=
# This output file may be truncated or incomplete.
#
#  Out of Memory Error (memory/allocation.inline.hpp:61), pid=13448, tid=0x0000000000003540
#
# JRE version:  (8.0_191-b12) (build )
# Java VM: Java HotSpot(TM) 64-Bit Server VM (25.191-b12 mixed mode windows-amd64 compressed oops)
# Failed to write core dump. Minidumps are not enabled by default on client versions of Windows
#

---------------  T H R E A D  ---------------

Current thread (0x000000000283d800):  JavaThread "Unknown thread" [_thread_in_vm, id=13632, stack(0x0000000002250000,0x0000000002350000)]

Stack: [0x0000000002250000,0x0000000002350000]
[error occurred during error reporting (printing stack bounds), id 0xc0000005]

Native frames: (J=compiled Java code, j=interpreted, Vv=VM code, C=native code)


---------------  P R O C E S S  ---------------

Java Threads: ( => current thread )

Other Threads:

=>0x000000000283d800 (exited) JavaThread "Unknown thread" [_thread_in_vm, id=13632, stack(0x0000000002250000,0x0000000002350000)]

VM state:not at safepoint (normal execution)

VM Mutex/Monitor currently owned by a thread: None

Heap:
 PSYoungGen      total 38400K, used 665K [0x00000000d5a00000, 0x00000000d8480000, 0x0000000100000000)
  eden space 33280K, 2% used [0x00000000d5a00000,0x00000000d5aa6670,0x00000000d7a80000)
  from space 5120K, 0% used [0x00000000d7f80000,0x00000000d7f80000,0x00000000d8480000)
  to   space 5120K, 0% used [0x00000000d7a80000,0x00000000d7a80000,0x00000000d7f80000)
 ParOldGen       total 87552K, used 0K [0x0000000080e00000, 0x0000000086380000, 0x00000000d5a00000)
  object space 87552K, 0% used [0x0000000080e00000,0x0000000080e00000,0x0000000086380000)
 Metaspace       used 751K, capacity 4480K, committed 4480K, reserved 1056768K
  class space    used 76K, capacity 384K, committed 384K, reserved 1048576K

Card table byte_map: [0x0000000011c00000,0x0000000012000000] byte_map_base: 0x00000000117f9000

Marking Bits: (ParMarkBitMap*) 0x0000000051033e30
 Begin Bits: [0x00000000126b0000, 0x0000000014678000)
 End Bits:   [0x0000000014678000, 0x0000000016640000)

Polling page: 0x0000000002350000

CodeCache: size=245760Kb used=327Kb max_used=327Kb free=245432Kb
 bounds [0x0000000002840000, 0x0000000002ab0000, 0x0000000011840000]
 total_blobs=57 nmethods=0 adapters=38
 compilation: enabled

Compilation events (0 events):
No events

GC Heap History (0 events):
No events

Deoptimization events (0 events):
No events

Classes redefined (0 events):
No events

Internal exceptions (0 events):
No events

Events (10 events):
Event: 0.038 loading class java/lang/Short
Event: 0.038 loading class java/lang/Short done
Event: 0.038 loading class java/lang/Integer
Event: 0.038 loading class java/lang/Integer done
Event: 0.038 loading class java/lang/Long
Event: 0.038 loading class java/lang/Long done
Event: 0.039 loading class java/lang/NullPointerException
Event: 0.039 loading class java/lang/NullPointerException done
Event: 0.039 loading class java/lang/ArithmeticException
Event: 0.039 loading class java/lang/ArithmeticException done


Dynamic libraries:
0x00007ff696320000 - 0x00007ff696357000 	C:\Program Files\Java\jre1.8.0_191\bin\javaw.exe
0x00007ffb52dc0000 - 0x00007ffb52fad000 	C:\Windows\SYSTEM32\ntdll.dll
0x00007ffb500c0000 - 0x00007ffb50173000 	C:\Windows\System32\KERNEL32.DLL
0x00007ffb4f090000 - 0x00007ffb4f323000 	C:\Windows\System32\KERNELBASE.dll
0x00007ffb521a0000 - 0x00007ffb52243000 	C:\Windows\System32\ADVAPI32.dll
0x00007ffb51d30000 - 0x00007ffb51dce000 	C:\Windows\System32\msvcrt.dll
0x00007ffb52050000 - 0x00007ffb520ee000 	C:\Windows\System32\sechost.dll
0x00007ffb522d0000 - 0x00007ffb523f2000 	C:\Windows\System32\RPCRT4.dll
0x00007ffb52a90000 - 0x00007ffb52c27000 	C:\Windows\System32\USER32.dll
0x00007ffb4f070000 - 0x00007ffb4f090000 	C:\Windows\System32\win32u.dll
0x00007ffb51fa0000 - 0x00007ffb51fc9000 	C:\Windows\System32\GDI32.dll
0x00007ffb4fe50000 - 0x00007ffb4ffea000 	C:\Windows\System32\gdi32full.dll
0x00007ffb4efd0000 - 0x00007ffb4f070000 	C:\Windows\System32\msvcp_win.dll
0x00007ffb4f350000 - 0x00007ffb4f44c000 	C:\Windows\System32\ucrtbase.dll
0x00007ffb40730000 - 0x00007ffb409a9000 	C:\Windows\WinSxS\amd64_microsoft.windows.common-controls_6595b64144ccf1df_6.0.17763.253_none_05b2388e0721fece\COMCTL32.dll
0x00007ffb52400000 - 0x00007ffb5272d000 	C:\Windows\System32\combase.dll
0x00007ffb4f4a0000 - 0x00007ffb4f51e000 	C:\Windows\System32\bcryptPrimitives.dll
0x00007ffb52d60000 - 0x00007ffb52d8e000 	C:\Windows\System32\IMM32.DLL
0x0000000050510000 - 0x00000000505e2000 	C:\Program Files\Java\jre1.8.0_191\bin\msvcr100.dll
0x0000000050810000 - 0x00000000510b4000 	C:\Program Files\Java\jre1.8.0_191\bin\server\jvm.dll
0x00007ffb500b0000 - 0x00007ffb500b8000 	C:\Windows\System32\PSAPI.DLL
0x00007ffb3f6f0000 - 0x00007ffb3f6f9000 	C:\Windows\SYSTEM32\WSOCK32.dll
0x00007ffb49fe0000 - 0x00007ffb49fea000 	C:\Windows\SYSTEM32\VERSION.dll
0x00007ffb51fd0000 - 0x00007ffb5203d000 	C:\Windows\System32\WS2_32.dll
0x00007ffb4bbc0000 - 0x00007ffb4bbe4000 	C:\Windows\SYSTEM32\WINMM.dll
0x00007ffb4bb90000 - 0x00007ffb4bbbd000 	C:\Windows\SYSTEM32\WINMMBASE.dll
0x00007ffb4f450000 - 0x00007ffb4f49a000 	C:\Windows\System32\cfgmgr32.dll
0x0000000050720000 - 0x000000005072f000 	C:\Program Files\Java\jre1.8.0_191\bin\verify.dll
0x00000000506f0000 - 0x0000000050719000 	C:\Program Files\Java\jre1.8.0_191\bin\java.dll
0x00000000506d0000 - 0x00000000506e6000 	C:\Program Files\Java\jre1.8.0_191\bin\zip.dll

VM Arguments:
jvm_args: -Dfile.encoding=MS949 
java_command: View.MainView
java_class_path (initial): C:\Users\peron\git\MiniProject\seola_Home\bin
Launcher Type: SUN_STANDARD

Environment Variables:
PATH=C:/Program Files/Java/jre1.8.0_191/bin/server;C:/Program Files/Java/jre1.8.0_191/bin;C:/Program Files/Java/jre1.8.0_191/lib/amd64;C:\Program Files (x86)\Common Files\Oracle\Java\javapath;C:\Program Files (x86)\NAT Service;C:\app\peron\product\11.2.0\dbhome_1\bin;C:\Windows\system32;C:\Windows;C:\Windows\System32\Wbem;C:\Windows\System32\WindowsPowerShell\v1.0\;C:\Windows\System32\OpenSSH\;C:\Program Files (x86)\NVIDIA Corporation\PhysX\Common;C:\Program Files\NVIDIA Corporation\NVIDIA NvDLISR;C:\Program Files\Java\jdk1.8.0_191\bin\;C:\Users\peron\AppData\Local\Microsoft\WindowsApps;C:\Program Files\Bandizip\;;C:\Users\peron\Desktop;
USERNAME=peron
OS=Windows_NT
PROCESSOR_IDENTIFIER=Intel64 Family 6 Model 158 Stepping 9, GenuineIntel



---------------  S Y S T E M  ---------------

OS: Windows 10.0 , 64 bit Build 17763 (10.0.17763.1)

CPU:total 4 (initial active 4) (2 cores per cpu, 2 threads per core) family 6 model 158 stepping 9, cmov, cx8, fxsr, mmx, sse, sse2, sse3, ssse3, sse4.1, sse4.2, popcnt, aes, clmul, erms, 3dnowpref, lzcnt, ht, tsc, tscinvbit

Memory: 4k page, physical 8325880k(671396k free), swap 22269428k(5144k free)

vm_info: Java HotSpot(TM) 64-Bit Server VM (25.191-b12) for windows-amd64 JRE (1.8.0_191-b12), built on Oct  6 2018 09:29:03 by "java_re" with MS VC++ 10.0 (VS2010)

time: Mon Jan 21 20:17:53 2019
elapsed time: 0 seconds (0d 0h 0m 0s)

